\BOOKMARK [0][-]{chapter.1}{\376\377\003\225\003\271\003\303\003\261\003\263\003\311\003\263\003\256}{}% 1
\BOOKMARK [1][-]{section.1.1}{\376\377\003\223\003\265\003\275\003\271\003\272\003\314\000\040\003\240\003\273\003\261\003\257\003\303\003\271\003\277}{chapter.1}% 2
\BOOKMARK [1][-]{section.1.2}{\376\377\003\244\003\277\000\040\003\300\003\301\003\314\003\262\003\273\003\267\003\274\003\261}{chapter.1}% 3
\BOOKMARK [1][-]{section.1.3}{\376\377\003\243\003\304\003\314\003\307\003\277\003\271\000\040\003\272\003\261\003\271\000\040\003\225\003\301\003\311\003\304\003\256\003\274\003\261\003\304\003\261}{chapter.1}% 4
\BOOKMARK [1][-]{section.1.4}{\376\377\003\224\003\277\003\274\003\256\000\040\003\225\003\301\003\263\003\261\003\303\003\257\003\261\003\302}{chapter.1}% 5
\BOOKMARK [0][-]{chapter.2}{\376\377\003\230\003\265\003\311\003\301\003\267\003\304\003\271\003\272\003\314\000\040\003\245\003\300\003\314\003\262\003\261\003\270\003\301\003\277}{}% 6
\BOOKMARK [1][-]{section.2.1}{\376\377\003\210\003\276\003\305\003\300\003\275\003\267\000\040\003\240\003\314\003\273\003\267}{chapter.2}% 7
\BOOKMARK [2][-]{subsection.2.1.1}{\376\377\003\247\003\261\003\301\003\261\003\272\003\304\003\267\003\301\003\271\003\303\003\304\003\271\003\272\003\254\000\040\003\210\003\276\003\305\003\300\003\275\003\267\003\302\000\040\003\240\003\314\003\273\003\267\003\302}{section.2.1}% 8
\BOOKMARK [2][-]{subsection.2.1.2}{\376\377\003\230\003\265\003\304\003\271\003\272\003\254\000\040\003\210\003\276\003\305\003\300\003\275\003\267\003\302\000\040\003\240\003\314\003\273\003\267\003\302}{section.2.1}% 9
\BOOKMARK [2][-]{subsection.2.1.3}{\376\377\003\240\003\301\003\277\003\272\003\273\003\256\003\303\003\265\003\271\003\302\000\040\003\272\003\261\003\271\000\040\003\240\003\265\003\301\003\271\003\277\003\301\003\271\003\303\003\274\003\277\003\257}{section.2.1}% 10
\BOOKMARK [2][-]{subsection.2.1.4}{\376\377\003\234\003\255\003\273\003\273\003\277\003\275\000\040\003\304\003\311\003\275\000\040\003\210\003\276\003\305\003\300\003\275\003\311\003\275\000\040\003\240\003\314\003\273\003\265\003\311\003\275}{section.2.1}% 11
\BOOKMARK [1][-]{section.2.2}{\376\377\003\232\003\271\003\275\003\267\003\304\003\255\003\302\000\040\003\272\003\261\003\271\000\040\003\224\003\271\003\261\003\264\003\271\003\272\003\304\003\305\003\261\003\272\003\255\003\302\000\040\003\225\003\306\003\261\003\301\003\274\003\277\003\263\003\255\003\302}{chapter.2}% 12
\BOOKMARK [2][-]{subsection.2.2.1}{\376\377\003\237\000\040\003\301\003\314\003\273\003\277\003\302\000\040\003\304\003\311\003\275\000\040\003\232\003\271\003\275\003\267\003\304\003\316\003\275\000\040\003\225\003\306\003\261\003\301\003\274\003\277\003\263\003\316\003\275}{section.2.2}% 13
\BOOKMARK [2][-]{subsection.2.2.2}{\376\377\003\225\003\306\003\261\003\301\003\274\003\277\003\263\003\255\003\302\000\040\003\231\003\303\003\304\003\277\003\315\000\040\003\311\003\302\000\040\003\243\003\305\003\274\003\300\003\273\003\267\003\301\003\311\003\274\003\261\003\304\003\271\003\272\003\254\000\040\003\225\003\301\003\263\003\261\003\273\003\265\003\257\003\261}{section.2.2}% 14
\BOOKMARK [2][-]{subsection.2.2.3}{\376\377\003\234\003\265\003\273\003\255\003\304\003\265\003\302\000\040\003\240\003\265\003\301\003\271\003\300\003\304\003\316\003\303\003\265\003\311\003\275\000\040\003\272\003\261\003\271\000\040\003\225\003\306\003\261\003\301\003\274\003\277\003\263\003\255\003\302}{section.2.2}% 15
\BOOKMARK [2][-]{subsection.2.2.4}{\376\377\003\225\003\275\003\303\003\311\003\274\003\254\003\304\003\311\003\303\003\267\000\040\003\274\003\265\000\040\000I\000o\000T\000\040\003\272\003\261\003\271\000\040\003\254\003\273\003\273\003\311\003\275\000\040\003\304\003\265\003\307\003\275\003\277\003\273\003\277\003\263\003\271\003\316\003\275}{section.2.2}% 16
\BOOKMARK [2][-]{subsection.2.2.5}{\376\377\003\237\003\306\003\255\003\273\003\267\000\040\003\272\003\261\003\271\000\040\003\225\003\274\003\300\003\314\003\264\003\271\003\261}{section.2.2}% 17
\BOOKMARK [1][-]{section.2.3}{\376\377\000G\000I\000S}{chapter.2}% 18
\BOOKMARK [2][-]{subsection.2.3.1}{\376\377\003\237\000\040\003\301\003\314\003\273\003\277\003\302\000\040\003\304\003\311\003\275\000\040\000G\000I\000S\000\040\003\303\003\304\003\271\003\302\000\040\003\210\003\276\003\305\003\300\003\275\003\265\003\302\000\040\003\240\003\314\003\273\003\265\003\271\003\302}{section.2.3}% 19
\BOOKMARK [2][-]{subsection.2.3.2}{\376\377\003\243\003\305\003\274\003\274\003\265\003\304\003\277\003\307\003\271\003\272\003\314\000\040\000G\000I\000S}{section.2.3}% 20
\BOOKMARK [1][-]{section.2.4}{\376\377\003\225\003\301\003\263\003\261\003\273\003\265\003\257\003\261\000\040\003\231\003\303\003\304\003\277\003\303\003\265\003\273\003\257\003\264\003\261\003\302}{chapter.2}% 21
\BOOKMARK [2][-]{subsection.2.4.1}{\376\377\000L\000e\000a\000f\000l\000e\000t}{section.2.4}% 22
\BOOKMARK [1][-]{section.2.5}{\376\377\003\244\003\265\003\307\003\275\003\277\003\273\003\277\003\263\003\257\003\265\003\302\000\040\003\221\003\275\003\254\003\300\003\304\003\305\003\276\003\267\003\302\000\040\003\303\003\265\000\040\003\232\003\271\003\275\003\267\003\304\003\254}{chapter.2}% 23
\BOOKMARK [1][-]{section.2.6}{\376\377\003\225\003\301\003\263\003\261\003\273\003\265\003\257\003\261\000\040\003\232\003\271\003\275\003\267\003\304\003\256\003\302\000\040\003\225\003\306\003\261\003\301\003\274\003\277\003\263\003\256\003\302}{chapter.2}% 24
\BOOKMARK [2][-]{subsection.2.6.1}{\376\377\000I\000o\000n\000i\000c\000\040\000F\000r\000a\000m\000e\000w\000o\000r\000k}{section.2.6}% 25
\BOOKMARK [3][-]{subsubsection.2.6.1.1}{\376\377\000R\000e\000a\000c\000t}{subsection.2.6.1}% 26
\BOOKMARK [3][-]{subsubsection.2.6.1.2}{\376\377\000I\000o\000n\000i\000c\000\040\000R\000e\000a\000c\000t}{subsection.2.6.1}% 27
\BOOKMARK [3][-]{subsubsection.2.6.1.3}{\376\377\000C\000a\000p\000a\000c\000i\000t\000o\000r}{subsection.2.6.1}% 28
\BOOKMARK [2][-]{subsection.2.6.2}{\376\377\000A\000n\000d\000r\000o\000i\000d\000\040\003\272\003\261\003\271\000\040\000A\000n\000d\000r\000o\000i\000d\000\040\000S\000t\000u\000d\000i\000o}{section.2.6}% 29
\BOOKMARK [2][-]{subsection.2.6.3}{\376\377\003\243\003\305\003\263\003\272\003\301\003\271\003\304\003\271\003\272\003\255\003\302\000\040\003\225\003\300\003\271\003\303\003\272\003\277\003\300\003\256\003\303\003\265\003\271\003\302\000\040\003\272\003\261\003\271\000\040\003\240\003\301\003\261\003\272\003\304\003\271\003\272\003\255\003\302}{section.2.6}% 30
\BOOKMARK [1][-]{section.2.7}{\376\377\003\243\003\307\003\265\003\304\003\271\003\272\003\254\000\040\003\210\003\301\003\263\003\261}{chapter.2}% 31
\BOOKMARK [2][-]{subsection.2.7.1}{\376\377\000C\000i\000t\000y\000S\000o\000l\000u\000t\000i\000o\000n}{section.2.7}% 32
\BOOKMARK [2][-]{subsection.2.7.2}{\376\377\003\225\003\306\003\261\003\301\003\274\003\277\003\263\003\256\000\040\003\274\003\265\000\040\003\307\003\301\003\256\003\303\003\267\000\040\000I\000o\000n\000i\000c}{section.2.7}% 33
\BOOKMARK [2][-]{subsection.2.7.3}{\376\377\003\224\003\257\003\264\003\261\003\263\003\274\003\261\000\040\003\261\003\300\003\314\000\040\003\304\003\271\003\302\000\040\003\274\003\265\003\273\003\255\003\304\003\265\003\302}{section.2.7}% 34
\BOOKMARK [0][-]{chapter.3}{\376\377\003\221\003\275\003\254\003\273\003\305\003\303\003\267\000\040\003\272\003\261\003\271\000\040\003\243\003\307\003\265\003\264\003\271\003\261\003\303\003\274\003\314\003\302}{}% 35
\BOOKMARK [1][-]{section.3.1}{\376\377\003\221\003\275\003\254\003\273\003\305\003\303\003\267\000\040\003\221\003\300\003\261\003\271\003\304\003\256\003\303\003\265\003\311\003\275\000\040\003\247\003\301\003\267\003\303\003\304\003\316\003\275}{chapter.3}% 36
\BOOKMARK [1][-]{section.3.2}{\376\377\003\225\003\300\003\271\003\273\003\277\003\263\003\256\000\040\003\244\003\265\003\307\003\275\003\277\003\273\003\277\003\263\003\271\003\316\003\275}{chapter.3}% 37
\BOOKMARK [2][-]{subsection.3.2.1}{\376\377\003\221\003\271\003\304\003\271\003\277\003\273\003\314\003\263\003\267\003\303\003\267\000\040\003\272\003\261\003\271\000\040\003\233\003\265\003\300\003\304\003\277\003\274\003\255\003\301\003\265\003\271\003\265\003\302}{section.3.2}% 38
\BOOKMARK [1][-]{section.3.3}{\376\377\003\221\003\301\003\307\003\271\003\304\003\265\003\272\003\304\003\277\003\275\003\271\003\272\003\256\000\040\003\243\003\305\003\303\003\304\003\256\003\274\003\261\003\304\003\277\003\302}{chapter.3}% 39
\BOOKMARK [2][-]{subsection.3.3.1}{\376\377\003\232\003\271\003\275\003\267\003\304\003\256\000\040\003\225\003\306\003\261\003\301\003\274\003\277\003\263\003\256}{section.3.3}% 40
\BOOKMARK [2][-]{subsection.3.3.2}{\376\377\000S\000e\000r\000v\000e\000r}{section.3.3}% 41
\BOOKMARK [2][-]{subsection.3.3.3}{\376\377\003\222\003\254\003\303\003\267\000\040\003\224\003\265\003\264\003\277\003\274\003\255\003\275\003\311\003\275}{section.3.3}% 42
\BOOKMARK [2][-]{subsection.3.3.4}{\376\377\003\231\003\303\003\304\003\277\003\303\003\265\003\273\003\257\003\264\003\261}{section.3.3}% 43
\BOOKMARK [2][-]{subsection.3.3.5}{\376\377\003\244\003\265\003\273\003\271\003\272\003\314\000\040\003\221\003\300\003\277\003\304\003\255\003\273\003\265\003\303\003\274\003\261}{section.3.3}% 44
\BOOKMARK [1][-]{section.3.4}{\376\377\003\224\003\271\003\261\003\263\003\301\003\254\003\274\003\274\003\261\003\304\003\261\000\040\003\247\003\301\003\256\003\303\003\267\003\302\000\040\003\272\003\261\003\271\000\040\003\241\003\277\003\256\003\302}{chapter.3}% 45
\BOOKMARK [2][-]{subsection.3.4.1}{\376\377\003\224\003\271\003\254\003\263\003\301\003\261\003\274\003\274\003\261\000\040\003\240\003\265\003\301\003\257\003\300\003\304\003\311\003\303\003\267\003\302\000\040\003\247\003\301\003\256\003\303\003\267\003\302}{section.3.4}% 46
\BOOKMARK [2][-]{subsection.3.4.2}{\376\377\003\224\003\271\003\261\003\263\003\301\003\254\003\274\003\274\003\261\003\304\003\261\000\040\003\241\003\277\003\256\003\302}{section.3.4}% 47
\BOOKMARK [1][-]{section.3.5}{\376\377\003\243\003\307\003\265\003\264\003\271\003\261\003\303\003\274\003\314\003\302\000\040\000U\000I\000/\000U\000X}{chapter.3}% 48
\BOOKMARK [2][-]{subsection.3.5.1}{\376\377\003\243\003\307\003\265\003\264\003\257\003\261\003\303\003\267\000\040\003\224\003\271\003\265\003\300\003\261\003\306\003\256\003\302}{section.3.5}% 49
\BOOKMARK [2][-]{subsection.3.5.2}{\376\377\003\225\003\274\003\300\003\265\003\271\003\301\003\257\003\261\000\040\003\247\003\301\003\256\003\303\003\304\003\267\000\040\003\272\003\261\003\271\000\040\003\241\003\277\003\256}{section.3.5}% 50
\BOOKMARK [1][-]{section.3.6}{\376\377\003\243\003\304\003\301\003\261\003\304\003\267\003\263\003\271\003\272\003\255\003\302\000\040\003\221\003\275\003\254\003\300\003\304\003\305\003\276\003\267\003\302}{chapter.3}% 51
\BOOKMARK [2][-]{subsection.3.6.1}{\376\377\000A\000g\000i\000l\000e}{section.3.6}% 52
\BOOKMARK [2][-]{subsection.3.6.2}{\376\377\000W\000a\000t\000e\000r\000f\000a\000l\000l}{section.3.6}% 53
\BOOKMARK [0][-]{chapter.4}{\376\377\003\221\003\275\003\254\003\300\003\304\003\305\003\276\003\267\000\040\003\225\003\306\003\261\003\301\003\274\003\277\003\263\003\256\003\302}{}% 54
\BOOKMARK [1][-]{section.4.1}{\376\377\003\225\003\300\003\271\003\303\003\272\003\314\003\300\003\267\003\303\003\267\000\040\003\245\003\273\003\277\003\300\003\277\003\257\003\267\003\303\003\267\003\302}{chapter.4}% 55
\BOOKMARK [1][-]{section.4.2}{\376\377\000B\000a\000c\000k\000e\000n\000d}{chapter.4}% 56
\BOOKMARK [2][-]{subsection.4.2.1}{\376\377\003\221\003\301\003\307\003\271\003\272\003\277\003\300\003\277\003\257\003\267\003\303\003\267}{section.4.2}% 57
\BOOKMARK [2][-]{subsection.4.2.2}{\376\377\003\243\003\315\003\275\003\264\003\265\003\303\003\267\000\040\003\274\003\265\000\040\003\304\003\267\003\275\000\040\003\222\003\254\003\303\003\267\000\040\003\224\003\265\003\264\003\277\003\274\003\255\003\275\003\311\003\275}{section.4.2}% 58
\BOOKMARK [2][-]{subsection.4.2.3}{\376\377\003\243\003\304\003\261\003\304\003\271\003\272\003\254\000\040\003\261\003\301\003\307\003\265\003\257\003\261}{section.4.2}% 59
\BOOKMARK [2][-]{subsection.4.2.4}{\376\377\003\241\003\315\003\270\003\274\003\271\003\303\003\267\000\040\003\234\003\265\003\304\003\261\003\274\003\314\003\301\003\306\003\311\003\303\003\267\003\302\000\040\003\221\003\301\003\307\003\265\003\257\003\311\003\275}{section.4.2}% 60
\BOOKMARK [2][-]{subsection.4.2.5}{\376\377\003\225\003\263\003\263\003\301\003\261\003\306\003\256\000\040\003\272\003\261\003\271\000\040\003\243\003\315\003\275\003\264\003\265\003\303\003\267\000\040\003\247\003\301\003\267\003\303\003\304\003\316\003\275}{section.4.2}% 61
\BOOKMARK [2][-]{subsection.4.2.6}{\376\377\003\224\003\271\003\261\003\307\003\265\003\257\003\301\003\271\003\303\003\267\000\040\003\221\003\275\003\261\003\306\003\277\003\301\003\316\003\275}{section.4.2}% 62
\BOOKMARK [1][-]{section.4.3}{\376\377\003\231\003\303\003\304\003\277\003\303\003\265\003\273\003\257\003\264\003\261}{chapter.4}% 63
\BOOKMARK [2][-]{subsection.4.3.1}{\376\377\003\221\003\301\003\307\003\271\003\272\003\277\003\300\003\277\003\257\003\267\003\303\003\267\000\040\003\272\003\261\003\271\000\040\003\224\003\267\003\274\003\271\003\277\003\305\003\301\003\263\003\257\003\261\000\040\003\304\003\277\003\305\000\040\003\247\003\254\003\301\003\304\003\267}{section.4.3}% 64
\BOOKMARK [2][-]{subsection.4.3.2}{\376\377\003\237\003\301\003\271\003\303\003\274\003\314\003\302\000\040\003\225\003\271\003\272\003\277\003\275\003\271\003\264\003\257\003\311\003\275}{section.4.3}% 65
\BOOKMARK [2][-]{subsection.4.3.3}{\376\377\003\221\003\275\003\254\003\272\003\304\003\267\003\303\003\267\000\040\003\221\003\275\003\261\003\306\003\277\003\301\003\316\003\275\000\040\003\272\003\261\003\271\000\040\003\244\003\277\003\300\003\277\003\270\003\255\003\304\003\267\003\303\003\267\000\040\003\224\003\265\003\271\003\272\003\304\003\316\003\275}{section.4.3}% 66
\BOOKMARK [2][-]{subsection.4.3.4}{\376\377\003\243\003\265\003\273\003\257\003\264\003\261\000\040\000A\000d\000m\000i\000n}{section.4.3}% 67
\BOOKMARK [1][-]{section.4.4}{\376\377\003\232\003\271\003\275\003\267\003\304\003\256\000\040\003\225\003\306\003\261\003\301\003\274\003\277\003\263\003\256}{chapter.4}% 68
\BOOKMARK [2][-]{subsection.4.4.1}{\376\377\003\224\003\277\003\274\003\256\000\040\003\304\003\267\003\302\000\040\003\225\003\306\003\261\003\301\003\274\003\277\003\263\003\256\003\302}{section.4.4}% 69
\BOOKMARK [2][-]{subsection.4.4.2}{\376\377\003\243\003\265\003\273\003\257\003\264\003\261\000\040\003\232\003\261\003\273\003\311\003\303\003\277\003\301\003\257\003\303\003\274\003\261\003\304\003\277\003\302}{section.4.4}% 70
\BOOKMARK [2][-]{subsection.4.4.3}{\376\377\003\221\003\301\003\307\003\271\003\272\003\256\000\040\003\243\003\265\003\273\003\257\003\264\003\261}{section.4.4}% 71
\BOOKMARK [2][-]{subsection.4.4.4}{\376\377\003\243\003\265\003\273\003\257\003\264\003\261\000\040\000"\003\237\003\271\000\040\003\232\003\261\003\304\003\261\003\307\003\311\003\301\003\256\003\303\003\265\003\271\003\302\000\040\003\274\003\277\003\305\000"}{section.4.4}% 72
\BOOKMARK [2][-]{subsection.4.4.5}{\376\377\003\243\003\265\003\273\003\257\003\264\003\261\000\040\003\232\003\261\003\304\003\261\003\307\003\316\003\301\003\267\003\303\003\267\003\302}{section.4.4}% 73
\BOOKMARK [1][-]{section.4.5}{\376\377\000A\000n\000d\000r\000o\000i\000d\000\040\000S\000t\000u\000d\000i\000o\000\040\003\272\003\261\003\271\000\040\003\224\003\277\003\272\003\271\003\274\003\255\003\302}{chapter.4}% 74
\BOOKMARK [1][-]{section.4.6}{\376\377\003\224\003\271\003\254\003\263\003\301\003\261\003\274\003\274\003\261\000\040\003\221\003\275\003\254\003\300\003\304\003\305\003\276\003\267\003\302}{chapter.4}% 75
\BOOKMARK [0][-]{chapter.5}{\376\377\003\240\003\265\003\271\003\301\003\261\003\274\003\261\003\304\003\271\003\303\003\274\003\314\003\302}{}% 76
\BOOKMARK [1][-]{section.5.1}{\376\377\003\243\003\272\003\277\003\300\003\314\003\302\000\040\003\240\003\265\003\271\003\301\003\261\003\274\003\261\003\304\003\271\003\303\003\274\003\277\003\315}{chapter.5}% 77
\BOOKMARK [1][-]{section.5.2}{\376\377\003\224\003\271\003\261\003\264\003\271\003\272\003\261\003\303\003\257\003\261\000\040\003\240\003\265\003\271\003\301\003\261\003\274\003\261\003\304\003\271\003\303\003\274\003\277\003\315\000\040\003\272\003\261\003\271\000\040\003\221\003\300\003\277\003\304\003\265\003\273\003\255\003\303\003\274\003\261\003\304\003\261}{chapter.5}% 78
\BOOKMARK [2][-]{subsection.5.2.1}{\376\377\003\233\003\265\003\271\003\304\003\277\003\305\003\301\003\263\003\271\003\272\003\256\000\040\003\225\003\300\003\271\003\262\003\265\003\262\003\261\003\257\003\311\003\303\003\267}{section.5.2}% 79
\BOOKMARK [2][-]{subsection.5.2.2}{\376\377\003\221\003\276\003\271\003\277\003\273\003\314\003\263\003\267\003\303\003\267}{section.5.2}% 80
\BOOKMARK [1][-]{section.5.3}{\376\377\003\243\003\305\003\266\003\256\003\304\003\267\003\303\003\267\000\040\003\304\003\311\003\275\000\040\003\265\003\305\003\301\003\267\003\274\003\254\003\304\003\311\003\275}{chapter.5}% 81
\BOOKMARK [0][-]{chapter.6}{\376\377\003\243\003\305\003\274\003\300\003\265\003\301\003\254\003\303\003\274\003\261\003\304\003\261\000\040\003\272\003\261\003\271\000\040\003\234\003\265\003\273\003\273\003\277\003\275\003\304\003\271\003\272\003\256\000\040\003\225\003\301\003\263\003\261\003\303\003\257\003\261}{}% 82
\BOOKMARK [1][-]{section.6.1}{\376\377\003\243\003\305\003\274\003\300\003\265\003\301\003\254\003\303\003\274\003\261\003\304\003\261}{chapter.6}% 83
\BOOKMARK [1][-]{section.6.2}{\376\377\003\234\003\265\003\273\003\273\003\277\003\275\003\304\003\271\003\272\003\256\000\040\003\225\003\301\003\263\003\261\003\303\003\257\003\261}{chapter.6}% 84
\BOOKMARK [0][-]{chapter*.37}{\376\377\003\243\003\305\003\275\003\304\003\274\003\256\003\303\003\265\003\271\003\302}{}% 85
\BOOKMARK [0][-]{chapter*.38}{\376\377\003\223\003\273\003\311\003\303\003\303\003\254\003\301\003\271\000\040\003\236\003\265\003\275\003\271\003\272\003\316\003\275\000\040\003\214\003\301\003\311\003\275}{}% 86
